<?xml version="1.0" encoding="UTF-8"?>
<testsuite xmlns:xsi="http://www.w3.org/2001/XMLSchema-instance" xsi:noNamespaceSchemaLocation="https://maven.apache.org/surefire/maven-surefire-plugin/xsd/surefire-test-report-3.0.xsd" version="3.0" name="runner.CucumberTest" time="10.346" tests="3" errors="0" skipped="0" failures="0">
  <properties>
[...]
</properties>
  <testcase name="Parcours complet d&apos;un livre (Création, Modification, Suppression)" classname="Gestion des livres (CRUD)" time="5.177">
    <system-out><![CDATA[
Scénario: Parcours complet d'un livre (Création, Modification, Suppression)     &amp#27;[90m# features/book.feature:7&amp#27;[0m
  &amp#27;[32mEtant donné &amp#27;[0m&amp#27;[32mje suis connecté avec &amp#27;[0m&amp#27;[32m&amp#27;[1m"test"&amp#27;[0m&amp#27;[32m et &amp#27;[0m&amp#27;[32m&amp#27;[1m"password"&amp#27;[0m                        &amp#27;[90m# steps.LoginSteps.login_and_be_on_home(java.lang.String,java.lang.String)&amp#27;[0m
  &amp#27;[32mEtant donné &amp#27;[0m&amp#27;[32mje clique sur &amp#27;[0m&amp#27;[32m&amp#27;[1m"Ajouter un livre"&amp#27;[0m                                  &amp#27;[90m# steps.LoginSteps.click_add_book(java.lang.String)&amp#27;[0m
  &amp#27;[32mQuand &amp#27;[0m&amp#27;[32mje remplis le formulaire avec &amp#27;[0m&amp#27;[32m&amp#27;[1m"Livre Cucumber"&amp#27;[0m&amp#27;[32m, &amp#27;[0m&amp#27;[32m&amp#27;[1m"Robot"&amp#27;[0m&amp#27;[32m, &amp#27;[0m&amp#27;[32m&amp#27;[1m"2024"&amp#27;[0m         &amp#27;[90m# steps.LoginSteps.fill_form(java.lang.String,java.lang.String,java.lang.String)&amp#27;[0m
  &amp#27;[32mEt &amp#27;[0m&amp#27;[32mje valide le formulaire&amp#27;[0m                                                    &amp#27;[90m# steps.LoginSteps.submit_form()&amp#27;[0m
  &amp#27;[32mAlors &amp#27;[0m&amp#27;[32mle livre &amp#27;[0m&amp#27;[32m&amp#27;[1m"Livre Cucumber"&amp#27;[0m&amp#27;[32m est présent dans la liste&amp#27;[0m                     &amp#27;[90m# steps.LoginSteps.book_present(java.lang.String)&amp#27;[0m
  &amp#27;[32mQuand &amp#27;[0m&amp#27;[32mje clique sur &amp#27;[0m&amp#27;[32m&amp#27;[1m"Modifier"&amp#27;[0m&amp#27;[32m pour le livre &amp#27;[0m&amp#27;[32m&amp#27;[1m"Livre Cucumber"&amp#27;[0m                 &amp#27;[90m# steps.LoginSteps.click_action_on_book(java.lang.String,java.lang.String)&amp#27;[0m
  &amp#27;[32mEt &amp#27;[0m&amp#27;[32mje remplis le formulaire avec &amp#27;[0m&amp#27;[32m&amp#27;[1m"Livre Cucumber Mis à jour"&amp#27;[0m&amp#27;[32m, &amp#27;[0m&amp#27;[32m&amp#27;[1m"Robot"&amp#27;[0m&amp#27;[32m, &amp#27;[0m&amp#27;[32m&amp#27;[1m"2025"&amp#27;[0m &amp#27;[90m# steps.LoginSteps.fill_form(java.lang.String,java.lang.String,java.lang.String)&amp#27;[0m
  &amp#27;[32mEt &amp#27;[0m&amp#27;[32mje valide le formulaire&amp#27;[0m                                                    &amp#27;[90m# steps.LoginSteps.submit_form()&amp#27;[0m
  &amp#27;[32mAlors &amp#27;[0m&amp#27;[32mle livre &amp#27;[0m&amp#27;[32m&amp#27;[1m"Livre Cucumber Mis à jour"&amp#27;[0m&amp#27;[32m est présent dans la liste&amp#27;[0m          &amp#27;[90m# steps.LoginSteps.book_present(java.lang.String)&amp#27;[0m
  &amp#27;[32mQuand &amp#27;[0m&amp#27;[32mje clique sur &amp#27;[0m&amp#27;[32m&amp#27;[1m"Supprimer"&amp#27;[0m&amp#27;[32m pour le livre &amp#27;[0m&amp#27;[32m&amp#27;[1m"Livre Cucumber Mis à jour"&amp#27;[0m     &amp#27;[90m# steps.LoginSteps.click_action_on_book(java.lang.String,java.lang.String)&amp#27;[0m
  &amp#27;[32mAlors &amp#27;[0m&amp#27;[32mle livre &amp#27;[0m&amp#27;[32m&amp#27;[1m"Livre Cucumber Mis à jour"&amp#27;[0m&amp#27;[32m n'est plus présent dans la liste&amp#27;[0m   &amp#27;[90m# steps.LoginSteps.book_not_present(java.lang.String)&amp#27;[0m
]]></system-out>
    <system-err><![CDATA[févr. 24, 2026 12:26:07 PM org.openqa.selenium.devtools.CdpVersionFinder findNearestMatch
AVERTISSEMENT: Unable to find CDP implementation matching 145
févr. 24, 2026 12:26:07 PM org.openqa.selenium.chromium.ChromiumDriver lambda$new$5
AVERTISSEMENT: Unable to find version of CDP to use for 145.0.7632.117. You may need to include a dependency on a specific version of the CDP using something similar to `org.seleniumhq.selenium:selenium-devtools-v86:4.16.1` where the version ("v86") matches the version of the chromium-based browser you're using and the version number of the artifact is the same as Selenium's.
]]></system-err>
  </testcase>
  <testcase name="Login invalide" classname="Authentification utilisateur" time="2.463">
    <system-out><![CDATA[
Scenario: Login invalide                      &amp#27;[90m# features/login.feature:3&amp#27;[0m
  &amp#27;[32mGiven &amp#27;[0m&amp#27;[32mje suis sur la page de login&amp#27;[0m          &amp#27;[90m# steps.LoginSteps.open_login_page()&amp#27;[0m
  &amp#27;[32mWhen &amp#27;[0m&amp#27;[32mje me connecte avec &amp#27;[0m&amp#27;[32m&amp#27;[1m"admin"&amp#27;[0m&amp#27;[32m et &amp#27;[0m&amp#27;[32m&amp#27;[1m"wrong"&amp#27;[0m &amp#27;[90m# steps.LoginSteps.login(java.lang.String,java.lang.String)&amp#27;[0m
  &amp#27;[32mThen &amp#27;[0m&amp#27;[32mun message d'erreur est affiché&amp#27;[0m        &amp#27;[90m# steps.LoginSteps.error_message_displayed()&amp#27;[0m
]]></system-out>
    <system-err><![CDATA[févr. 24, 2026 12:26:12 PM org.openqa.selenium.devtools.CdpVersionFinder findNearestMatch
AVERTISSEMENT: Unable to find CDP implementation matching 145
févr. 24, 2026 12:26:12 PM org.openqa.selenium.chromium.ChromiumDriver lambda$new$5
AVERTISSEMENT: Unable to find version of CDP to use for 145.0.7632.117. You may need to include a dependency on a specific version of the CDP using something similar to `org.seleniumhq.selenium:selenium-devtools-v86:4.16.1` where the version ("v86") matches the version of the chromium-based browser you're using and the version number of the artifact is the same as Selenium's.
]]></system-err>
  </testcase>
  <testcase name="Login valide" classname="Authentification utilisateur" time="2.423">
    <system-out><![CDATA[
Scenario: Login valide                          &amp#27;[90m# features/login.feature:8&amp#27;[0m
  &amp#27;[32mGiven &amp#27;[0m&amp#27;[32mje suis sur la page de login&amp#27;[0m            &amp#27;[90m# steps.LoginSteps.open_login_page()&amp#27;[0m
  &amp#27;[32mWhen &amp#27;[0m&amp#27;[32mje me connecte avec &amp#27;[0m&amp#27;[32m&amp#27;[1m"test"&amp#27;[0m&amp#27;[32m et &amp#27;[0m&amp#27;[32m&amp#27;[1m"password"&amp#27;[0m &amp#27;[90m# steps.LoginSteps.login(java.lang.String,java.lang.String)&amp#27;[0m
  &amp#27;[32mThen &amp#27;[0m&amp#27;[32mje suis redirigé vers le dashboard&amp#27;[0m       &amp#27;[90m# steps.LoginSteps.redirected_to_dashboard()&amp#27;[0m
]]></system-out>
    <system-err><![CDATA[févr. 24, 2026 12:26:14 PM org.openqa.selenium.devtools.CdpVersionFinder findNearestMatch
AVERTISSEMENT: Unable to find CDP implementation matching 145
févr. 24, 2026 12:26:14 PM org.openqa.selenium.chromium.ChromiumDriver lambda$new$5
AVERTISSEMENT: Unable to find version of CDP to use for 145.0.7632.117. You may need to include a dependency on a specific version of the CDP using something similar to `org.seleniumhq.selenium:selenium-devtools-v86:4.16.1` where the version ("v86") matches the version of the chromium-based browser you're using and the version number of the artifact is the same as Selenium's.
]]></system-err>
  </testcase>
</testsuite>